<?xml version="1.0" encoding="UTF-8" ?>
<testsuite errors="1" failures="0" hostname="arca-de-noe" name="beans.UsuarioMBTest" tests="0" time="1.378" timestamp="2013-06-17T13:02:57">
  <properties>
[...]
</properties>
  <testcase classname="junit.framework.TestSuite" name="beans.UsuarioMBTest" time="0.0">
    <error type="java.lang.NullPointerException">java.lang.NullPointerException
	at util.FacesUtil.adicionarMensagem(FacesUtil.java:51)
	at beans.UsuarioMB.inserir(UsuarioMB.java:84)
	at beans.UsuarioMBTest.setUpClass(UsuarioMBTest.java:40)
</error>
  </testcase>
  <system-out><![CDATA[[EL Info]: 2013-06-17 10:02:57.852--ServerSession(22949069)--EclipseLink, version: Eclipse Persistence Services - 2.3.2.v20111125-r10461
[EL Info]: 2013-06-17 10:02:58.032--ServerSession(22949069)--file:/home/ciro/Área de Trabalho/SocialBib/build/web/WEB-INF/classes/_SocialBibPU login successful
[EL Warning]: 2013-06-17 10:02:58.079--ServerSession(22949069)--Exception [EclipseLink-4002] (Eclipse Persistence Services - 2.3.2.v20111125-r10461): org.eclipse.persistence.exceptions.DatabaseException
Internal Exception: org.postgresql.util.PSQLException: ERROR: relation "usuario" already exists
Error Code: 0
Call: CREATE TABLE USUARIO (ID BIGINT NOT NULL, CPF VARCHAR(255) NOT NULL UNIQUE, EMAIL VARCHAR(255) NOT NULL UNIQUE, FOTO BYTEA, NOME VARCHAR(255) NOT NULL, SENHA VARCHAR(255) NOT NULL, PRIMARY KEY (ID))
Query: DataModifyQuery(sql="CREATE TABLE USUARIO (ID BIGINT NOT NULL, CPF VARCHAR(255) NOT NULL UNIQUE, EMAIL VARCHAR(255) NOT NULL UNIQUE, FOTO BYTEA, NOME VARCHAR(255) NOT NULL, SENHA VARCHAR(255) NOT NULL, PRIMARY KEY (ID))")
[EL Warning]: 2013-06-17 10:02:58.083--ServerSession(22949069)--Exception [EclipseLink-4002] (Eclipse Persistence Services - 2.3.2.v20111125-r10461): org.eclipse.persistence.exceptions.DatabaseException
Internal Exception: org.postgresql.util.PSQLException: ERROR: relation "livro" already exists
Error Code: 0
Call: CREATE TABLE LIVRO (ID BIGINT NOT NULL, ANO VARCHAR(255), AUTOR VARCHAR(255), EDITORA VARCHAR(255), GENERO VARCHAR(255), ISBN VARCHAR(255), TITULO VARCHAR(255) NOT NULL, DONO_ID BIGINT, PRIMARY KEY (ID))
Query: DataModifyQuery(sql="CREATE TABLE LIVRO (ID BIGINT NOT NULL, ANO VARCHAR(255), AUTOR VARCHAR(255), EDITORA VARCHAR(255), GENERO VARCHAR(255), ISBN VARCHAR(255), TITULO VARCHAR(255) NOT NULL, DONO_ID BIGINT, PRIMARY KEY (ID))")
[EL Warning]: 2013-06-17 10:02:58.084--ServerSession(22949069)--Exception [EclipseLink-4002] (Eclipse Persistence Services - 2.3.2.v20111125-r10461): org.eclipse.persistence.exceptions.DatabaseException
Internal Exception: org.postgresql.util.PSQLException: ERROR: relation "mensagem" already exists
Error Code: 0
Call: CREATE TABLE MENSAGEM (ID BIGINT NOT NULL, ASSUNTO VARCHAR(255), DATA DATE, ISLIDA BOOLEAN, MENSAGEM VARCHAR(255), DESTINATARIO_ID BIGINT, REMETENTE_ID BIGINT, PRIMARY KEY (ID))
Query: DataModifyQuery(sql="CREATE TABLE MENSAGEM (ID BIGINT NOT NULL, ASSUNTO VARCHAR(255), DATA DATE, ISLIDA BOOLEAN, MENSAGEM VARCHAR(255), DESTINATARIO_ID BIGINT, REMETENTE_ID BIGINT, PRIMARY KEY (ID))")
[EL Warning]: 2013-06-17 10:02:58.086--ServerSession(22949069)--Exception [EclipseLink-4002] (Eclipse Persistence Services - 2.3.2.v20111125-r10461): org.eclipse.persistence.exceptions.DatabaseException
Internal Exception: org.postgresql.util.PSQLException: ERROR: relation "emprestimo" already exists
Error Code: 0
Call: CREATE TABLE EMPRESTIMO (ID BIGINT NOT NULL, FIM DATE, INICIO DATE, STATUS INTEGER, LIVRO_ID BIGINT, USUARIO_ID BIGINT, PRIMARY KEY (ID))
Query: DataModifyQuery(sql="CREATE TABLE EMPRESTIMO (ID BIGINT NOT NULL, FIM DATE, INICIO DATE, STATUS INTEGER, LIVRO_ID BIGINT, USUARIO_ID BIGINT, PRIMARY KEY (ID))")
[EL Warning]: 2013-06-17 10:02:58.087--ServerSession(22949069)--Exception [EclipseLink-4002] (Eclipse Persistence Services - 2.3.2.v20111125-r10461): org.eclipse.persistence.exceptions.DatabaseException
Internal Exception: org.postgresql.util.PSQLException: ERROR: constraint "fk_livro_dono_id" for relation "livro" already exists
Error Code: 0
Call: ALTER TABLE LIVRO ADD CONSTRAINT FK_LIVRO_DONO_ID FOREIGN KEY (DONO_ID) REFERENCES USUARIO (ID)
Query: DataModifyQuery(sql="ALTER TABLE LIVRO ADD CONSTRAINT FK_LIVRO_DONO_ID FOREIGN KEY (DONO_ID) REFERENCES USUARIO (ID)")
[EL Warning]: 2013-06-17 10:02:58.089--ServerSession(22949069)--Exception [EclipseLink-4002] (Eclipse Persistence Services - 2.3.2.v20111125-r10461): org.eclipse.persistence.exceptions.DatabaseException
Internal Exception: org.postgresql.util.PSQLException: ERROR: constraint "fk_mensagem_remetente_id" for relation "mensagem" already exists
Error Code: 0
Call: ALTER TABLE MENSAGEM ADD CONSTRAINT FK_MENSAGEM_REMETENTE_ID FOREIGN KEY (REMETENTE_ID) REFERENCES USUARIO (ID)
Query: DataModifyQuery(sql="ALTER TABLE MENSAGEM ADD CONSTRAINT FK_MENSAGEM_REMETENTE_ID FOREIGN KEY (REMETENTE_ID) REFERENCES USUARIO (ID)")
[EL Warning]: 2013-06-17 10:02:58.09--ServerSession(22949069)--Exception [EclipseLink-4002] (Eclipse Persistence Services - 2.3.2.v20111125-r10461): org.eclipse.persistence.exceptions.DatabaseException
Internal Exception: org.postgresql.util.PSQLException: ERROR: constraint "fk_emprestimo_usuario_id" for relation "emprestimo" already exists
Error Code: 0
Call: ALTER TABLE EMPRESTIMO ADD CONSTRAINT FK_EMPRESTIMO_USUARIO_ID FOREIGN KEY (USUARIO_ID) REFERENCES USUARIO (ID)
Query: DataModifyQuery(sql="ALTER TABLE EMPRESTIMO ADD CONSTRAINT FK_EMPRESTIMO_USUARIO_ID FOREIGN KEY (USUARIO_ID) REFERENCES USUARIO (ID)")
[EL Warning]: 2013-06-17 10:02:58.092--ServerSession(22949069)--Exception [EclipseLink-4002] (Eclipse Persistence Services - 2.3.2.v20111125-r10461): org.eclipse.persistence.exceptions.DatabaseException
Internal Exception: org.postgresql.util.PSQLException: ERROR: relation "sequence" already exists
Error Code: 0
Call: CREATE TABLE SEQUENCE (SEQ_NAME VARCHAR(50) NOT NULL, SEQ_COUNT DECIMAL(38), PRIMARY KEY (SEQ_NAME))
Query: DataModifyQuery(sql="CREATE TABLE SEQUENCE (SEQ_NAME VARCHAR(50) NOT NULL, SEQ_COUNT DECIMAL(38), PRIMARY KEY (SEQ_NAME))")
]]></system-out>
  <system-err><![CDATA[]]></system-err>
</testsuite>
